<?xml version="1.0" encoding="UTF-8"?>
<!-- Generated by org.testng.reporters.JUnitXMLReporter -->
<testsuite ignored="0" hostname="NTP-LAP-782" failures="0" tests="4" name="Default test" time="7.465" errors="0" timestamp="2022-12-16T00:12:19 IST">
  <testcase classname="com.renjana02.Scripts.TestClass" name="loginVerification" time="2.089"/>
  <testcase classname="com.renjana02.Scripts.TestClass" name="homeVerification" time="1.934"/>
  <testcase classname="com.renjana02.Scripts.TestClass" name="addEmployee" time="1.751"/>
  <testcase classname="com.renjana02.Scripts.TestClass" name="listEmployee" time="1.637"/>
</testsuite> <!-- Default test -->
